Using pre-set license
Built from '2021.3/staging' branch; Version is '2021.3.7f1 (24e8595d6d43) revision 2418777'; Using compiler version '192829333'; Build Type 'Release'
OS: 'Windows 10  (10.0.19045) 64bit Professional' Language: 'en' Physical Memory: 8043 MB
BatchMode: 1, IsHumanControllingUs: 0, StartBugReporterOnCrash: 0, Is64bit: 1, IsPro: 1

COMMAND LINE ARGUMENTS:
D:\Unity\2021.3.7f1\Editor\Unity.exe
-adb2
-batchMode
-noUpm
-name
AssetImportWorker3
-projectPath
D:/FU Learning/Summer2023/PRU221m/Project1/2DTowerDefense
-logFile
Logs/AssetImportWorker3.log
-srvPort
60197
Successfully changed project path to: D:/FU Learning/Summer2023/PRU221m/Project1/2DTowerDefense
D:/FU Learning/Summer2023/PRU221m/Project1/2DTowerDefense
[UnityMemory] Configuration Parameters - Can be set up in boot.config
    "memorysetup-bucket-allocator-granularity=16"
    "memorysetup-bucket-allocator-bucket-count=8"
    "memorysetup-bucket-allocator-block-size=33554432"
    "memorysetup-bucket-allocator-block-count=8"
    "memorysetup-main-allocator-block-size=16777216"
    "memorysetup-thread-allocator-block-size=16777216"
    "memorysetup-gfx-main-allocator-block-size=16777216"
    "memorysetup-gfx-thread-allocator-block-size=16777216"
    "memorysetup-cache-allocator-block-size=4194304"
    "memorysetup-typetree-allocator-block-size=2097152"
    "memorysetup-profiler-bucket-allocator-granularity=16"
    "memorysetup-profiler-bucket-allocator-bucket-count=8"
    "memorysetup-profiler-bucket-allocator-block-size=33554432"
    "memorysetup-profiler-bucket-allocator-block-count=8"
    "memorysetup-profiler-allocator-block-size=16777216"
    "memorysetup-profiler-editor-allocator-block-size=1048576"
    "memorysetup-temp-allocator-size-main=16777216"
    "memorysetup-job-temp-allocator-block-size=2097152"
    "memorysetup-job-temp-allocator-block-size-background=1048576"
    "memorysetup-job-temp-allocator-reduction-small-platforms=262144"
    "memorysetup-temp-allocator-size-background-worker=32768"
    "memorysetup-temp-allocator-size-job-worker=262144"
    "memorysetup-temp-allocator-size-preload-manager=33554432"
    "memorysetup-temp-allocator-size-nav-mesh-worker=65536"
    "memorysetup-temp-allocator-size-audio-worker=65536"
    "memorysetup-temp-allocator-size-cloud-worker=32768"
    "memorysetup-temp-allocator-size-gi-baking-worker=262144"
    "memorysetup-temp-allocator-size-gfx=262144"
Refreshing native plugins compatible for Editor in 137.21 ms, found 4 plugins.
Preloading 0 native plugins for Editor in 0.00 ms.
Initialize engine version: 2021.3.7f1 (24e8595d6d43)
[Subsystems] Discovering subsystems at path D:/Unity/2021.3.7f1/Editor/Data/Resources/UnitySubsystems
[Subsystems] Discovering subsystems at path D:/FU Learning/Summer2023/PRU221m/Project1/2DTowerDefense/Assets
GfxDevice: creating device client; threaded=0; jobified=0
Direct3D:
    Version:  Direct3D 11.0 [level 11.1]
    Renderer: NVIDIA GeForce MX230 (ID=0x1d11)
    Vendor:   NVIDIA
    VRAM:     1982 MB
    Driver:   31.0.15.2698
Initialize mono
Mono path[0] = 'D:/Unity/2021.3.7f1/Editor/Data/Managed'
Mono path[1] = 'D:/Unity/2021.3.7f1/Editor/Data/MonoBleedingEdge/lib/mono/unityjit-win32'
Mono config path = 'D:/Unity/2021.3.7f1/Editor/Data/MonoBleedingEdge/etc'
Using monoOptions --debugger-agent=transport=dt_socket,embedding=1,server=y,suspend=n,address=127.0.0.1:56640
Begin MonoManager ReloadAssembly
Registering precompiled unity dll's ...
Register platform support module: D:/Unity/2021.3.7f1/Editor/Data/PlaybackEngines/WebGLSupport/UnityEditor.WebGL.Extensions.dll
Register platform support module: D:/Unity/2021.3.7f1/Editor/Data/PlaybackEngines/AndroidPlayer/UnityEditor.Android.Extensions.dll
Register platform support module: D:/Unity/2021.3.7f1/Editor/Data/PlaybackEngines/WindowsStandaloneSupport/UnityEditor.WindowsStandalone.Extensions.dll
Registered in 0.003705 seconds.
Native extension for WindowsStandalone target not found
Native extension for Android target not found
Native extension for WebGL target not found
Refreshing native plugins compatible for Editor in 139.30 ms, found 4 plugins.
Preloading 0 native plugins for Editor in 0.00 ms.
Mono: successfully reloaded assembly
- Completed reload, in  0.905 seconds
Domain Reload Profiling:
	ReloadAssembly (906ms)
		BeginReloadAssembly (91ms)
			ExecutionOrderSort (0ms)
			DisableScriptedObjects (0ms)
			BackupInstance (0ms)
			ReleaseScriptingObjects (0ms)
			CreateAndSetChildDomain (1ms)
		EndReloadAssembly (679ms)
			LoadAssemblies (91ms)
			RebuildTransferFunctionScriptingTraits (0ms)
			SetupTypeCache (173ms)
			ReleaseScriptCaches (0ms)
			RebuildScriptCaches (35ms)
			SetupLoadedEditorAssemblies (409ms)
				LogAssemblyErrors (0ms)
				InitializePlatformSupportModulesInManaged (71ms)
				SetLoadedEditorAssemblies (0ms)
				RefreshPlugins (139ms)
				BeforeProcessingInitializeOnLoad (2ms)
				ProcessInitializeOnLoadAttributes (138ms)
				ProcessInitializeOnLoadMethodAttributes (60ms)
				AfterProcessingInitializeOnLoad (0ms)
				EditorAssembliesLoaded (0ms)
			ExecutionOrderSort2 (0ms)
			AwakeInstancesAfterBackupRestoration (0ms)
Platform modules already initialized, skipping
Registering precompiled user dll's ...
Registered in 0.008968 seconds.
Begin MonoManager ReloadAssembly
Symbol file LoadedFromMemory doesn't match image D:\FU Learning\Summer2023\PRU221m\Project1\2DTowerDefense\Library\PackageCache\com.unity.visualscripting@1.7.8\Editor\VisualScripting.Core\Dependencies\YamlDotNet\Unity.VisualScripting.YamlDotNet.dll
Symbol file LoadedFromMemory doesn't match image D:\FU Learning\Summer2023\PRU221m\Project1\2DTowerDefense\Library\PackageCache\com.unity.visualscripting@1.7.8\Editor\VisualScripting.Core\Dependencies\DotNetZip\Unity.VisualScripting.IonicZip.dll
Native extension for WindowsStandalone target not found
Native extension for Android target not found
Native extension for WebGL target not found
Refreshing native plugins compatible for Editor in 146.35 ms, found 4 plugins.
Preloading 0 native plugins for Editor in 0.00 ms.
Mono: successfully reloaded assembly
- Completed reload, in 11.916 seconds
Domain Reload Profiling:
	ReloadAssembly (11917ms)
		BeginReloadAssembly (303ms)
			ExecutionOrderSort (0ms)
			DisableScriptedObjects (18ms)
			BackupInstance (0ms)
			ReleaseScriptingObjects (0ms)
			CreateAndSetChildDomain (137ms)
		EndReloadAssembly (11378ms)
			LoadAssemblies (7838ms)
			RebuildTransferFunctionScriptingTraits (0ms)
			SetupTypeCache (1331ms)
			ReleaseScriptCaches (1ms)
			RebuildScriptCaches (74ms)
			SetupLoadedEditorAssemblies (2074ms)
				LogAssemblyErrors (0ms)
				InitializePlatformSupportModulesInManaged (17ms)
				SetLoadedEditorAssemblies (0ms)
				RefreshPlugins (146ms)
				BeforeProcessingInitializeOnLoad (152ms)
				ProcessInitializeOnLoadAttributes (440ms)
				ProcessInitializeOnLoadMethodAttributes (1314ms)
				AfterProcessingInitializeOnLoad (5ms)
				EditorAssembliesLoaded (0ms)
			ExecutionOrderSort2 (0ms)
			AwakeInstancesAfterBackupRestoration (8ms)
Platform modules already initialized, skipping
========================================================================
Worker process is ready to serve import requests
Launched and connected shader compiler UnityShaderCompiler.exe after 0.12 seconds
Refreshing native plugins compatible for Editor in 1.09 ms, found 4 plugins.
Preloading 0 native plugins for Editor in 0.00 ms.
Unloading 4118 Unused Serialized files (Serialized files now loaded: 0)
Unloading 44 unused Assets / (222.4 KB). Loaded Objects now: 4573.
Memory consumption went from 153.2 MB to 153.0 MB.
Total: 5.363800 ms (FindLiveObjects: 0.627600 ms CreateObjectMapping: 0.430800 ms MarkObjects: 4.020200 ms  DeleteObjects: 0.284200 ms)

AssetImportParameters requested are different than current active one (requested -> active):
  custom:video-decoder-ogg-theora: a1e56fd34408186e4bbccfd4996cb3dc -> 
  custom:container-muxer-webm: aa71ff27fc2769a1b78a27578f13a17b -> 
  custom:container-demuxer-webm: 4f35f7cbe854078d1ac9338744f61a02 -> 
  custom:video-encoder-webm-vp8: eb34c28f22e8b96e1ab97ce403110664 -> 
  custom:audio-encoder-webm-vorbis: bf7c407c2cedff20999df2af8eb42d56 -> 
  custom:framework-win-MediaFoundation: 216162199b28c13a410421893ffa2e32 -> 
  custom:container-demuxer-ogg: 62fdf1f143b41e24485cea50d1cbac27 -> 
  custom:video-decoder-webm-vp8: 9c59270c3fd7afecdb556c50c9e8de78 -> 
  custom:audio-decoder-ogg-vorbis: bf7c407c2cedff20999df2af8eb42d56 -> 
========================================================================
Received Import Request.
  Time since last request: 312464.830249 seconds.
  path: Assets/Prefabs/Map/House.prefab
  artifactKey: Guid(2bc95928c4ca7714aa831488b400ddfe) Importer(815301076,1909f56bfc062723c751e8b465ee728b)
Start importing Assets/Prefabs/Map/House.prefab using Guid(2bc95928c4ca7714aa831488b400ddfe) Importer(815301076,1909f56bfc062723c751e8b465ee728b)  -> (artifact id: '00a2a86654f394a46c8645d2027ca504') in 0.189238 seconds 
========================================================================
Received Import Request.
  Time since last request: 16.246640 seconds.
  path: Assets/Tower_Defense_Pack/CP/c_point3_1.png
  artifactKey: Guid(23cac75bbbf9020409b1dec175974352) Importer(815301076,1909f56bfc062723c751e8b465ee728b)
Start importing Assets/Tower_Defense_Pack/CP/c_point3_1.png using Guid(23cac75bbbf9020409b1dec175974352) Importer(815301076,1909f56bfc062723c751e8b465ee728b)  -> (artifact id: '5fd919cec169ee3293e31cc86a630cda') in 0.107051 seconds 
========================================================================
Received Prepare
Registering precompiled user dll's ...
Registered in 0.009008 seconds.
Begin MonoManager ReloadAssembly
Symbol file LoadedFromMemory doesn't match image D:\FU Learning\Summer2023\PRU221m\Project1\2DTowerDefense\Library\PackageCache\com.unity.visualscripting@1.7.8\Editor\VisualScripting.Core\Dependencies\YamlDotNet\Unity.VisualScripting.YamlDotNet.dll
Symbol file LoadedFromMemory doesn't match image D:\FU Learning\Summer2023\PRU221m\Project1\2DTowerDefense\Library\PackageCache\com.unity.visualscripting@1.7.8\Editor\VisualScripting.Core\Dependencies\DotNetZip\Unity.VisualScripting.IonicZip.dll
Native extension for WindowsStandalone target not found
Native extension for Android target not found
Native extension for WebGL target not found
Refreshing native plugins compatible for Editor in 2.38 ms, found 4 plugins.
Preloading 0 native plugins for Editor in 0.00 ms.
Mono: successfully reloaded assembly
- Completed reload, in  1.988 seconds
Domain Reload Profiling:
	ReloadAssembly (1989ms)
		BeginReloadAssembly (181ms)
			ExecutionOrderSort (0ms)
			DisableScriptedObjects (10ms)
			BackupInstance (0ms)
			ReleaseScriptingObjects (0ms)
			CreateAndSetChildDomain (59ms)
		EndReloadAssembly (1613ms)
			LoadAssemblies (148ms)
			RebuildTransferFunctionScriptingTraits (0ms)
			SetupTypeCache (533ms)
			ReleaseScriptCaches (4ms)
			RebuildScriptCaches (102ms)
			SetupLoadedEditorAssemblies (697ms)
				LogAssemblyErrors (0ms)
				InitializePlatformSupportModulesInManaged (45ms)
				SetLoadedEditorAssemblies (1ms)
				RefreshPlugins (2ms)
				BeforeProcessingInitializeOnLoad (143ms)
				ProcessInitializeOnLoadAttributes (419ms)
				ProcessInitializeOnLoadMethodAttributes (80ms)
				AfterProcessingInitializeOnLoad (7ms)
				EditorAssembliesLoaded (0ms)
			ExecutionOrderSort2 (0ms)
			AwakeInstancesAfterBackupRestoration (20ms)
Platform modules already initialized, skipping
Refreshing native plugins compatible for Editor in 4.19 ms, found 4 plugins.
Preloading 0 native plugins for Editor in 0.00 ms.
Unloading 4113 Unused Serialized files (Serialized files now loaded: 0)
Unloading 31 unused Assets / (189.7 KB). Loaded Objects now: 4585.
Memory consumption went from 157.4 MB to 157.3 MB.
Total: 9.619800 ms (FindLiveObjects: 0.544600 ms CreateObjectMapping: 1.265600 ms MarkObjects: 7.521500 ms  DeleteObjects: 0.286600 ms)

AssetImportParameters requested are different than current active one (requested -> active):
  custom:video-decoder-ogg-theora: a1e56fd34408186e4bbccfd4996cb3dc -> 
  custom:container-muxer-webm: aa71ff27fc2769a1b78a27578f13a17b -> 
  custom:container-demuxer-webm: 4f35f7cbe854078d1ac9338744f61a02 -> 
  custom:video-encoder-webm-vp8: eb34c28f22e8b96e1ab97ce403110664 -> 
  custom:audio-encoder-webm-vorbis: bf7c407c2cedff20999df2af8eb42d56 -> 
  custom:framework-win-MediaFoundation: 216162199b28c13a410421893ffa2e32 -> 
  custom:container-demuxer-ogg: 62fdf1f143b41e24485cea50d1cbac27 -> 
  custom:video-decoder-webm-vp8: 9c59270c3fd7afecdb556c50c9e8de78 -> 
  custom:audio-decoder-ogg-vorbis: bf7c407c2cedff20999df2af8eb42d56 -> 
========================================================================
Received Prepare
Registering precompiled user dll's ...
Registered in 0.009056 seconds.
Begin MonoManager ReloadAssembly
Symbol file LoadedFromMemory doesn't match image D:\FU Learning\Summer2023\PRU221m\Project1\2DTowerDefense\Library\PackageCache\com.unity.visualscripting@1.7.8\Editor\VisualScripting.Core\Dependencies\YamlDotNet\Unity.VisualScripting.YamlDotNet.dll
Symbol file LoadedFromMemory doesn't match image D:\FU Learning\Summer2023\PRU221m\Project1\2DTowerDefense\Library\PackageCache\com.unity.visualscripting@1.7.8\Editor\VisualScripting.Core\Dependencies\DotNetZip\Unity.VisualScripting.IonicZip.dll
Native extension for WindowsStandalone target not found
Native extension for Android target not found
Native extension for WebGL target not found
Refreshing native plugins compatible for Editor in 1.10 ms, found 4 plugins.
Preloading 0 native plugins for Editor in 0.00 ms.
Mono: successfully reloaded assembly
- Completed reload, in  1.876 seconds
Domain Reload Profiling:
	ReloadAssembly (1879ms)
		BeginReloadAssembly (153ms)
			ExecutionOrderSort (0ms)
			DisableScriptedObjects (13ms)
			BackupInstance (0ms)
			ReleaseScriptingObjects (0ms)
			CreateAndSetChildDomain (44ms)
		EndReloadAssembly (1553ms)
			LoadAssemblies (135ms)
			RebuildTransferFunctionScriptingTraits (0ms)
			SetupTypeCache (516ms)
			ReleaseScriptCaches (3ms)
			RebuildScriptCaches (97ms)
			SetupLoadedEditorAssemblies (673ms)
				LogAssemblyErrors (0ms)
				InitializePlatformSupportModulesInManaged (40ms)
				SetLoadedEditorAssemblies (1ms)
				RefreshPlugins (1ms)
				BeforeProcessingInitializeOnLoad (137ms)
				ProcessInitializeOnLoadAttributes (410ms)
				ProcessInitializeOnLoadMethodAttributes (79ms)
				AfterProcessingInitializeOnLoad (5ms)
				EditorAssembliesLoaded (0ms)
			ExecutionOrderSort2 (0ms)
			AwakeInstancesAfterBackupRestoration (18ms)
Platform modules already initialized, skipping
Refreshing native plugins compatible for Editor in 5.46 ms, found 4 plugins.
Preloading 0 native plugins for Editor in 0.00 ms.
Unloading 4113 Unused Serialized files (Serialized files now loaded: 0)
Unloading 31 unused Assets / (189.6 KB). Loaded Objects now: 4588.
Memory consumption went from 157.4 MB to 157.3 MB.
Total: 9.426500 ms (FindLiveObjects: 0.703800 ms CreateObjectMapping: 0.385100 ms MarkObjects: 7.963500 ms  DeleteObjects: 0.372200 ms)

AssetImportParameters requested are different than current active one (requested -> active):
  custom:video-decoder-ogg-theora: a1e56fd34408186e4bbccfd4996cb3dc -> 
  custom:container-muxer-webm: aa71ff27fc2769a1b78a27578f13a17b -> 
  custom:container-demuxer-webm: 4f35f7cbe854078d1ac9338744f61a02 -> 
  custom:video-encoder-webm-vp8: eb34c28f22e8b96e1ab97ce403110664 -> 
  custom:audio-encoder-webm-vorbis: bf7c407c2cedff20999df2af8eb42d56 -> 
  custom:framework-win-MediaFoundation: 216162199b28c13a410421893ffa2e32 -> 
  custom:container-demuxer-ogg: 62fdf1f143b41e24485cea50d1cbac27 -> 
  custom:video-decoder-webm-vp8: 9c59270c3fd7afecdb556c50c9e8de78 -> 
  custom:audio-decoder-ogg-vorbis: bf7c407c2cedff20999df2af8eb42d56 -> 
========================================================================
Received Import Request.
  Time since last request: 1135.334235 seconds.
  path: Assets/Tower_Defense_Pack/AT/Blood/1/2.png
  artifactKey: Guid(c0068154b67671045b2abbcd034a90eb) Importer(815301076,1909f56bfc062723c751e8b465ee728b)
Start importing Assets/Tower_Defense_Pack/AT/Blood/1/2.png using Guid(c0068154b67671045b2abbcd034a90eb) Importer(815301076,1909f56bfc062723c751e8b465ee728b)  -> (artifact id: '65c0ec051c84ed1ca6a819ecf17e114a') in 0.111346 seconds 
========================================================================
Received Import Request.
  Time since last request: 3.585531 seconds.
  path: Assets/Tower_Defense_Pack/AT/Fire/1.png
  artifactKey: Guid(b30adfbdb955c0a4a93be1d07c3e3945) Importer(815301076,1909f56bfc062723c751e8b465ee728b)
Start importing Assets/Tower_Defense_Pack/AT/Fire/1.png using Guid(b30adfbdb955c0a4a93be1d07c3e3945) Importer(815301076,1909f56bfc062723c751e8b465ee728b)  -> (artifact id: 'bcd4dd4aef8249ab2f63b095d6fbf8b9') in 0.032871 seconds 
========================================================================
Received Import Request.
  Time since last request: 0.000039 seconds.
  path: Assets/Tower_Defense_Pack/AT/Fire/10.png
  artifactKey: Guid(e1a5ed40b19945246879b0ecde203f2a) Importer(815301076,1909f56bfc062723c751e8b465ee728b)
Start importing Assets/Tower_Defense_Pack/AT/Fire/10.png using Guid(e1a5ed40b19945246879b0ecde203f2a) Importer(815301076,1909f56bfc062723c751e8b465ee728b)  -> (artifact id: '717bea6338ff2012ce353bce845bce49') in 0.031667 seconds 
========================================================================
Received Import Request.
  Time since last request: 0.000068 seconds.
  path: Assets/Tower_Defense_Pack/AT/Fire/6.png
  artifactKey: Guid(ccc7d6546a2b0b9489fb1e5d87a1fed7) Importer(815301076,1909f56bfc062723c751e8b465ee728b)
Start importing Assets/Tower_Defense_Pack/AT/Fire/6.png using Guid(ccc7d6546a2b0b9489fb1e5d87a1fed7) Importer(815301076,1909f56bfc062723c751e8b465ee728b)  -> (artifact id: '95f4df4ebc7249b09f9577a9aebe93ce') in 0.041875 seconds 
========================================================================
Received Import Request.
  Time since last request: 0.000032 seconds.
  path: Assets/Tower_Defense_Pack/AT/Fire/3.png
  artifactKey: Guid(d8fe0ca0fc922af40aaa41fd5fde78d3) Importer(815301076,1909f56bfc062723c751e8b465ee728b)
Start importing Assets/Tower_Defense_Pack/AT/Fire/3.png using Guid(d8fe0ca0fc922af40aaa41fd5fde78d3) Importer(815301076,1909f56bfc062723c751e8b465ee728b)  -> (artifact id: '3ab4ef73fe0693f981d70122a09cc782') in 0.033932 seconds 
========================================================================
Received Import Request.
  Time since last request: 0.000082 seconds.
  path: Assets/Tower_Defense_Pack/AT/Fire/4.png
  artifactKey: Guid(198cb400eb3c08b42bcf6037c80dc453) Importer(815301076,1909f56bfc062723c751e8b465ee728b)
Start importing Assets/Tower_Defense_Pack/AT/Fire/4.png using Guid(198cb400eb3c08b42bcf6037c80dc453) Importer(815301076,1909f56bfc062723c751e8b465ee728b)  -> (artifact id: '9360b133b3a241b99d83efb8bdcc6d02') in 0.040547 seconds 
========================================================================
Received Import Request.
  Time since last request: 0.000037 seconds.
  path: Assets/Tower_Defense_Pack/AT/Fire/2.png
  artifactKey: Guid(82dc5dc0032d46042a988a7b554d112d) Importer(815301076,1909f56bfc062723c751e8b465ee728b)
Start importing Assets/Tower_Defense_Pack/AT/Fire/2.png using Guid(82dc5dc0032d46042a988a7b554d112d) Importer(815301076,1909f56bfc062723c751e8b465ee728b)  -> (artifact id: '21918e0f90b0095e1b49e2a589a34ac2') in 0.039526 seconds 
========================================================================
Received Import Request.
  Time since last request: 3.103502 seconds.
  path: Assets/Tower_Defense_Pack/AT/Img/zone_collider.png
  artifactKey: Guid(1cb83bb1648d6bc47ae8f93ac6d8f33b) Importer(815301076,1909f56bfc062723c751e8b465ee728b)
Start importing Assets/Tower_Defense_Pack/AT/Img/zone_collider.png using Guid(1cb83bb1648d6bc47ae8f93ac6d8f33b) Importer(815301076,1909f56bfc062723c751e8b465ee728b)  -> (artifact id: 'bec333666b769a862cff2c30e922425b') in 0.048911 seconds 
========================================================================
Received Import Request.
  Time since last request: 33.877793 seconds.
  path: Assets/Prefabs/Prices/40.png
  artifactKey: Guid(cf70c8a9d45a5e449845f161f3d4dc25) Importer(815301076,1909f56bfc062723c751e8b465ee728b)
Start importing Assets/Prefabs/Prices/40.png using Guid(cf70c8a9d45a5e449845f161f3d4dc25) Importer(815301076,1909f56bfc062723c751e8b465ee728b)  -> (artifact id: '3fd724414df071646d68568d28ee25a2') in 0.022179 seconds 
========================================================================
Received Import Request.
  Time since last request: 0.000028 seconds.
  path: Assets/Prefabs/Prices/50.png
  artifactKey: Guid(4e1dc0478105f2648911e8cc252b939c) Importer(815301076,1909f56bfc062723c751e8b465ee728b)
Start importing Assets/Prefabs/Prices/50.png using Guid(4e1dc0478105f2648911e8cc252b939c) Importer(815301076,1909f56bfc062723c751e8b465ee728b)  -> (artifact id: '5f5336e371c6bf836311aa0bb28b7949') in 0.025994 seconds 
========================================================================
Received Import Request.
  Time since last request: 0.000023 seconds.
  path: Assets/Prefabs/Prices/120.png
  artifactKey: Guid(fa324bffcb7550e4ea1c19ac49c48a03) Importer(815301076,1909f56bfc062723c751e8b465ee728b)
Start importing Assets/Prefabs/Prices/120.png using Guid(fa324bffcb7550e4ea1c19ac49c48a03) Importer(815301076,1909f56bfc062723c751e8b465ee728b)  -> (artifact id: 'a519e276cc8b90f4215a88bbed4d114c') in 0.031247 seconds 
========================================================================
Received Import Request.
  Time since last request: 0.000036 seconds.
  path: Assets/Prefabs/Prices/100.png
  artifactKey: Guid(cbd778d8f366c3a47a0acbb12fca4da1) Importer(815301076,1909f56bfc062723c751e8b465ee728b)
Start importing Assets/Prefabs/Prices/100.png using Guid(cbd778d8f366c3a47a0acbb12fca4da1) Importer(815301076,1909f56bfc062723c751e8b465ee728b)  -> (artifact id: '779c2e9b56db68604a9f4f65b5062aff') in 0.027731 seconds 
========================================================================
Received Import Request.
  Time since last request: 19.986956 seconds.
  path: Assets/Tower_Defense_Pack/PC_Build_Settings_Example.png
  artifactKey: Guid(a1f28486e088ddb48a4d6a7d626014f9) Importer(815301076,1909f56bfc062723c751e8b465ee728b)
Start importing Assets/Tower_Defense_Pack/PC_Build_Settings_Example.png using Guid(a1f28486e088ddb48a4d6a7d626014f9) Importer(815301076,1909f56bfc062723c751e8b465ee728b)  -> (artifact id: '783880a0a1239305339982f6de927111') in 0.089338 seconds 
========================================================================
Received Import Request.
  Time since last request: 14.248289 seconds.
  path: Assets/Tower_Defense_Pack/Resources/Cursor/flag_.prefab
  artifactKey: Guid(f0b149effef391c4f8e7b796a59e52a9) Importer(815301076,1909f56bfc062723c751e8b465ee728b)
Start importing Assets/Tower_Defense_Pack/Resources/Cursor/flag_.prefab using Guid(f0b149effef391c4f8e7b796a59e52a9) Importer(815301076,1909f56bfc062723c751e8b465ee728b)  -> (artifact id: '4763d234e11cbb881f26b72d87fd6f34') in 0.047405 seconds 
========================================================================
Received Import Request.
  Time since last request: 0.000070 seconds.
  path: Assets/Tower_Defense_Pack/Resources/Cursor/trap.prefab
  artifactKey: Guid(2e3d2cda4b5ad08409e3a921944028ea) Importer(815301076,1909f56bfc062723c751e8b465ee728b)
Start importing Assets/Tower_Defense_Pack/Resources/Cursor/trap.prefab using Guid(2e3d2cda4b5ad08409e3a921944028ea) Importer(815301076,1909f56bfc062723c751e8b465ee728b)  -> (artifact id: '771106305de3ab3c78d3b7eb09179c21') in 0.036834 seconds 
========================================================================
Received Import Request.
  Time since last request: 0.000068 seconds.
  path: Assets/Tower_Defense_Pack/Resources/Cursor/hand.prefab
  artifactKey: Guid(3b3463922fd5b09488e6fcd2b8ef5e81) Importer(815301076,1909f56bfc062723c751e8b465ee728b)
Start importing Assets/Tower_Defense_Pack/Resources/Cursor/hand.prefab using Guid(3b3463922fd5b09488e6fcd2b8ef5e81) Importer(815301076,1909f56bfc062723c751e8b465ee728b)  -> (artifact id: '0b403a316991941ef0cd3e906818bafe') in 0.041483 seconds 
========================================================================
Received Import Request.
  Time since last request: 8.631670 seconds.
  path: Assets/Tower_Defense_Pack/Resources/Global/blood.prefab
  artifactKey: Guid(1714a471524841b40b88fc6a3cd8dce6) Importer(815301076,1909f56bfc062723c751e8b465ee728b)
Start importing Assets/Tower_Defense_Pack/Resources/Global/blood.prefab using Guid(1714a471524841b40b88fc6a3cd8dce6) Importer(815301076,1909f56bfc062723c751e8b465ee728b)  -> (artifact id: '2a45e0fbdd800875beec11913ff1f73e') in 0.078321 seconds 
========================================================================
Received Import Request.
  Time since last request: 0.000034 seconds.
  path: Assets/Tower_Defense_Pack/Resources/Global/Fire.prefab
  artifactKey: Guid(d2fa01e8e9578084baba3fae6432de15) Importer(815301076,1909f56bfc062723c751e8b465ee728b)
Start importing Assets/Tower_Defense_Pack/Resources/Global/Fire.prefab using Guid(d2fa01e8e9578084baba3fae6432de15) Importer(815301076,1909f56bfc062723c751e8b465ee728b)  -> (artifact id: 'b1f5ac0e97797110874f85b3f990003e') in 0.044686 seconds 
========================================================================
Received Import Request.
  Time since last request: 19.909672 seconds.
  path: Assets/Tower_Defense_Pack/Resources/KT/KT0.prefab
  artifactKey: Guid(effde3fd3422ca04d827f3f270bb12aa) Importer(815301076,1909f56bfc062723c751e8b465ee728b)
Start importing Assets/Tower_Defense_Pack/Resources/KT/KT0.prefab using Guid(effde3fd3422ca04d827f3f270bb12aa) Importer(815301076,1909f56bfc062723c751e8b465ee728b)  -> (artifact id: 'e85c318469461b2871f7a6868011916c') in 0.051062 seconds 
========================================================================
Received Import Request.
  Time since last request: 4.495735 seconds.
  path: Assets/Tower_Defense_Pack/Resources/MT/BaseTrap.prefab
  artifactKey: Guid(ae548734f99b46f49a1cd9e24aeb4e79) Importer(815301076,1909f56bfc062723c751e8b465ee728b)
Start importing Assets/Tower_Defense_Pack/Resources/MT/BaseTrap.prefab using Guid(ae548734f99b46f49a1cd9e24aeb4e79) Importer(815301076,1909f56bfc062723c751e8b465ee728b)  -> (artifact id: '925953e42553c9d32ace3062a7f2a93f') in 0.165941 seconds 
========================================================================
Received Import Request.
  Time since last request: 2.009698 seconds.
  path: Assets/Tower_Defense_Pack/Resources/WaveEditor/waves.prefab
  artifactKey: Guid(93bfa9c09ec9157429b2101a69fc09bd) Importer(815301076,1909f56bfc062723c751e8b465ee728b)
Start importing Assets/Tower_Defense_Pack/Resources/WaveEditor/waves.prefab using Guid(93bfa9c09ec9157429b2101a69fc09bd) Importer(815301076,1909f56bfc062723c751e8b465ee728b)  -> (artifact id: '83d2a147803453691151222a6a501c4d') in 0.025977 seconds 
========================================================================
Received Import Request.
  Time since last request: 26.858495 seconds.
  path: Assets/Tower_Defense_Pack/MT/MageInTower/m1.png
  artifactKey: Guid(5e3dae87d9976fb46a48f4e99014a836) Importer(815301076,1909f56bfc062723c751e8b465ee728b)
Start importing Assets/Tower_Defense_Pack/MT/MageInTower/m1.png using Guid(5e3dae87d9976fb46a48f4e99014a836) Importer(815301076,1909f56bfc062723c751e8b465ee728b)  -> (artifact id: 'e4db14ec38e843d563d24dd7bd3d6ae2') in 0.024339 seconds 
========================================================================
Received Import Request.
  Time since last request: 24.332840 seconds.
  path: Assets/Tower_Defense_Pack/CustomWaves/customlevel2_3.prefab
  artifactKey: Guid(8c5e60968fbb01f43a7319a11281bf55) Importer(815301076,1909f56bfc062723c751e8b465ee728b)
Start importing Assets/Tower_Defense_Pack/CustomWaves/customlevel2_3.prefab using Guid(8c5e60968fbb01f43a7319a11281bf55) Importer(815301076,1909f56bfc062723c751e8b465ee728b)  -> (artifact id: 'c41f2e754973038a9661a7485f9c12b1') in 0.026094 seconds 
========================================================================
Received Import Request.
  Time since last request: 245.335991 seconds.
  path: Assets/Resources/Foozle_2D_Spire_Tower/Foozle_2DS0017_Spire_TowerPack_1/Towers bases/PNGs/Tower 02.png
  artifactKey: Guid(e49dd12600a8b9a41bfbeabe3e1816b5) Importer(815301076,1909f56bfc062723c751e8b465ee728b)
Start importing Assets/Resources/Foozle_2D_Spire_Tower/Foozle_2DS0017_Spire_TowerPack_1/Towers bases/PNGs/Tower 02.png using Guid(e49dd12600a8b9a41bfbeabe3e1816b5) Importer(815301076,1909f56bfc062723c751e8b465ee728b)  -> (artifact id: 'fd8d7a0eb615a1a67113ed2d0755c4d9') in 0.021979 seconds 
========================================================================
Received Import Request.
  Time since last request: 199.344178 seconds.
  path: Assets/Resources/Foozle_2D_Spire_Tower/Foozle_2DS0017_Spire_TowerPack_1/Towers Weapons/Tower 01/Spritesheets/Tower 01 - Level 01 - Weapon.png
  artifactKey: Guid(d30f27f09c0067547a3a165d71477285) Importer(815301076,1909f56bfc062723c751e8b465ee728b)
Start importing Assets/Resources/Foozle_2D_Spire_Tower/Foozle_2DS0017_Spire_TowerPack_1/Towers Weapons/Tower 01/Spritesheets/Tower 01 - Level 01 - Weapon.png using Guid(d30f27f09c0067547a3a165d71477285) Importer(815301076,1909f56bfc062723c751e8b465ee728b)  -> (artifact id: 'cd8ed869a8097411c8bd49197d14aeda') in 0.021465 seconds 
========================================================================
Received Import Request.
  Time since last request: 0.000044 seconds.
  path: Assets/Resources/Foozle_2D_Spire_Tower/Foozle_2DS0017_Spire_TowerPack_1/Towers Weapons/Tower 01/Spritesheets/Tower 01 - Level 03 - Projectile.png
  artifactKey: Guid(2f60721a4d829c34d8d79d53232c8d11) Importer(815301076,1909f56bfc062723c751e8b465ee728b)
Start importing Assets/Resources/Foozle_2D_Spire_Tower/Foozle_2DS0017_Spire_TowerPack_1/Towers Weapons/Tower 01/Spritesheets/Tower 01 - Level 03 - Projectile.png using Guid(2f60721a4d829c34d8d79d53232c8d11) Importer(815301076,1909f56bfc062723c751e8b465ee728b)  -> (artifact id: 'd6aaf5768cdae2313fba649c3710fd88') in 0.024619 seconds 
========================================================================
Received Import Request.
  Time since last request: 0.000031 seconds.
  path: Assets/Resources/Foozle_2D_Spire_Tower/Foozle_2DS0017_Spire_TowerPack_1/Towers Weapons/Tower 01/Spritesheets/Tower 01 - Level 03 - Weapon.png
  artifactKey: Guid(30e9a65f25f89444ca12ecb3d73429e3) Importer(815301076,1909f56bfc062723c751e8b465ee728b)
Start importing Assets/Resources/Foozle_2D_Spire_Tower/Foozle_2DS0017_Spire_TowerPack_1/Towers Weapons/Tower 01/Spritesheets/Tower 01 - Level 03 - Weapon.png using Guid(30e9a65f25f89444ca12ecb3d73429e3) Importer(815301076,1909f56bfc062723c751e8b465ee728b)  -> (artifact id: '3c236c450007cb604e4c7e6fdc3cb866') in 0.022566 seconds 
========================================================================
Received Import Request.
  Time since last request: 57.225016 seconds.
  path: Assets/Resources/Foozle_2D_Spire_Tower/Foozle_2DS0018_Spire_TowerPack_2/Towers bases/PNGs/Tower 04.png
  artifactKey: Guid(c43beb961639d134c865930d46d7c2c9) Importer(815301076,1909f56bfc062723c751e8b465ee728b)
Start importing Assets/Resources/Foozle_2D_Spire_Tower/Foozle_2DS0018_Spire_TowerPack_2/Towers bases/PNGs/Tower 04.png using Guid(c43beb961639d134c865930d46d7c2c9) Importer(815301076,1909f56bfc062723c751e8b465ee728b)  -> (artifact id: '7db8d3226d876ebaf4916e66988d150b') in 0.018955 seconds 
========================================================================
Received Import Request.
  Time since last request: 180.520943 seconds.
  path: Assets/Resources/Foozle_2D_Spire_Tower/Foozle_2DS0019_Spire_TowerPack_3/Towers bases/PNGs/Tower 06.png
  artifactKey: Guid(ef1dfee58edb3734cbe1741fcf1a7012) Importer(815301076,1909f56bfc062723c751e8b465ee728b)
Start importing Assets/Resources/Foozle_2D_Spire_Tower/Foozle_2DS0019_Spire_TowerPack_3/Towers bases/PNGs/Tower 06.png using Guid(ef1dfee58edb3734cbe1741fcf1a7012) Importer(815301076,1909f56bfc062723c751e8b465ee728b)  -> (artifact id: '00a33284a99d8023166998b7e16340cf') in 0.022404 seconds 
========================================================================
Received Import Request.
  Time since last request: 123.124302 seconds.
  path: Assets/Resources/Foozle_2D_Spire_Tower/Foozle_2DS0017_Spire_TowerPack_1/Towers Weapons/Tower 01/Previews/Tower 01 - Level 01 - Weapon.gif
  artifactKey: Guid(513cfebcacca57c4c916d46730080721) Importer(815301076,1909f56bfc062723c751e8b465ee728b)
Start importing Assets/Resources/Foozle_2D_Spire_Tower/Foozle_2DS0017_Spire_TowerPack_1/Towers Weapons/Tower 01/Previews/Tower 01 - Level 01 - Weapon.gif using Guid(513cfebcacca57c4c916d46730080721) Importer(815301076,1909f56bfc062723c751e8b465ee728b)  -> (artifact id: 'e67dbdbc93ea7e0f348167a6811c636d') in 0.020329 seconds 
========================================================================
Received Import Request.
  Time since last request: 0.000066 seconds.
  path: Assets/Resources/Foozle_2D_Spire_Tower/Foozle_2DS0017_Spire_TowerPack_1/Towers Weapons/Tower 01/Previews/Tower 01 - Level 03 - Projectile.gif
  artifactKey: Guid(298328d53bb5b39498df9d514fed1562) Importer(815301076,1909f56bfc062723c751e8b465ee728b)
Start importing Assets/Resources/Foozle_2D_Spire_Tower/Foozle_2DS0017_Spire_TowerPack_1/Towers Weapons/Tower 01/Previews/Tower 01 - Level 03 - Projectile.gif using Guid(298328d53bb5b39498df9d514fed1562) Importer(815301076,1909f56bfc062723c751e8b465ee728b)  -> (artifact id: '6342e243bd48876e90a297a2f6eec9b7') in 0.028454 seconds 
========================================================================
Received Import Request.
  Time since last request: 0.000040 seconds.
  path: Assets/Resources/Foozle_2D_Spire_Tower/Foozle_2DS0017_Spire_TowerPack_1/Towers Weapons/Tower 01/Previews/Tower 01 - Weapon - Impact.gif
  artifactKey: Guid(1a6bb2e1507e6514986cb853725fc0e4) Importer(815301076,1909f56bfc062723c751e8b465ee728b)
Start importing Assets/Resources/Foozle_2D_Spire_Tower/Foozle_2DS0017_Spire_TowerPack_1/Towers Weapons/Tower 01/Previews/Tower 01 - Weapon - Impact.gif using Guid(1a6bb2e1507e6514986cb853725fc0e4) Importer(815301076,1909f56bfc062723c751e8b465ee728b)  -> (artifact id: 'b771a4f9671c6fd6221d43d985b98317') in 0.028887 seconds 
========================================================================
Received Import Request.
  Time since last request: 0.000076 seconds.
  path: Assets/Resources/Foozle_2D_Spire_Tower/Foozle_2DS0017_Spire_TowerPack_1/Towers Weapons/Tower 01/Previews/Tower 01 - Level 02 - Weapon.gif
  artifactKey: Guid(01599f4d9e8636241bf02c22401673cd) Importer(815301076,1909f56bfc062723c751e8b465ee728b)
Start importing Assets/Resources/Foozle_2D_Spire_Tower/Foozle_2DS0017_Spire_TowerPack_1/Towers Weapons/Tower 01/Previews/Tower 01 - Level 02 - Weapon.gif using Guid(01599f4d9e8636241bf02c22401673cd) Importer(815301076,1909f56bfc062723c751e8b465ee728b)  -> (artifact id: 'ad40bd1d5f2310d479f4aca4192430fa') in 0.034766 seconds 
========================================================================
Received Import Request.
  Time since last request: 234.173449 seconds.
  path: Assets/Tower_Defense_Pack/AT/Blood/2/2.png
  artifactKey: Guid(5d93cf37351dcb44d934de2ac9fd5ace) Importer(815301076,1909f56bfc062723c751e8b465ee728b)
Start importing Assets/Tower_Defense_Pack/AT/Blood/2/2.png using Guid(5d93cf37351dcb44d934de2ac9fd5ace) Importer(815301076,1909f56bfc062723c751e8b465ee728b)  -> (artifact id: 'fdfbf6f82197468222aac031ff8bb195') in 0.038546 seconds 
========================================================================
Received Prepare
Registering precompiled user dll's ...
Registered in 0.008424 seconds.
Begin MonoManager ReloadAssembly
Symbol file LoadedFromMemory doesn't match image D:\FU Learning\Summer2023\PRU221m\Project1\2DTowerDefense\Library\PackageCache\com.unity.visualscripting@1.7.8\Editor\VisualScripting.Core\Dependencies\YamlDotNet\Unity.VisualScripting.YamlDotNet.dll
Symbol file LoadedFromMemory doesn't match image D:\FU Learning\Summer2023\PRU221m\Project1\2DTowerDefense\Library\PackageCache\com.unity.visualscripting@1.7.8\Editor\VisualScripting.Core\Dependencies\DotNetZip\Unity.VisualScripting.IonicZip.dll
Native extension for WindowsStandalone target not found
Native extension for Android target not found
Native extension for WebGL target not found
Refreshing native plugins compatible for Editor in 1.31 ms, found 4 plugins.
Preloading 0 native plugins for Editor in 0.00 ms.
Mono: successfully reloaded assembly
- Completed reload, in  1.853 seconds
Domain Reload Profiling:
	ReloadAssembly (1854ms)
		BeginReloadAssembly (192ms)
			ExecutionOrderSort (0ms)
			DisableScriptedObjects (13ms)
			BackupInstance (0ms)
			ReleaseScriptingObjects (0ms)
			CreateAndSetChildDomain (59ms)
		EndReloadAssembly (1515ms)
			LoadAssemblies (145ms)
			RebuildTransferFunctionScriptingTraits (0ms)
			SetupTypeCache (512ms)
			ReleaseScriptCaches (2ms)
			RebuildScriptCaches (102ms)
			SetupLoadedEditorAssemblies (654ms)
				LogAssemblyErrors (0ms)
				InitializePlatformSupportModulesInManaged (42ms)
				SetLoadedEditorAssemblies (1ms)
				RefreshPlugins (1ms)
				BeforeProcessingInitializeOnLoad (141ms)
				ProcessInitializeOnLoadAttributes (405ms)
				ProcessInitializeOnLoadMethodAttributes (60ms)
				AfterProcessingInitializeOnLoad (4ms)
				EditorAssembliesLoaded (0ms)
			ExecutionOrderSort2 (0ms)
			AwakeInstancesAfterBackupRestoration (12ms)
Platform modules already initialized, skipping
Refreshing native plugins compatible for Editor in 4.82 ms, found 4 plugins.
Preloading 0 native plugins for Editor in 0.00 ms.
Unloading 4113 Unused Serialized files (Serialized files now loaded: 0)
Unloading 31 unused Assets / (189.8 KB). Loaded Objects now: 4602.
Memory consumption went from 157.6 MB to 157.4 MB.
Total: 9.982800 ms (FindLiveObjects: 1.112800 ms CreateObjectMapping: 0.652600 ms MarkObjects: 7.533700 ms  DeleteObjects: 0.679100 ms)

AssetImportParameters requested are different than current active one (requested -> active):
  custom:video-decoder-ogg-theora: a1e56fd34408186e4bbccfd4996cb3dc -> 
  custom:container-muxer-webm: aa71ff27fc2769a1b78a27578f13a17b -> 
  custom:container-demuxer-webm: 4f35f7cbe854078d1ac9338744f61a02 -> 
  custom:video-encoder-webm-vp8: eb34c28f22e8b96e1ab97ce403110664 -> 
  custom:audio-encoder-webm-vorbis: bf7c407c2cedff20999df2af8eb42d56 -> 
  custom:framework-win-MediaFoundation: 216162199b28c13a410421893ffa2e32 -> 
  custom:container-demuxer-ogg: 62fdf1f143b41e24485cea50d1cbac27 -> 
  custom:video-decoder-webm-vp8: 9c59270c3fd7afecdb556c50c9e8de78 -> 
  custom:audio-decoder-ogg-vorbis: bf7c407c2cedff20999df2af8eb42d56 -> 
========================================================================
Received Import Request.
  Time since last request: 2315.760211 seconds.
  path: Assets/Tilemap/New Palette 3.prefab
  artifactKey: Guid(25ae1244eff383148bc8379a6b08410d) Importer(815301076,1909f56bfc062723c751e8b465ee728b)
Start importing Assets/Tilemap/New Palette 3.prefab using Guid(25ae1244eff383148bc8379a6b08410d) Importer(815301076,1909f56bfc062723c751e8b465ee728b)  -> (artifact id: 'c5e43a331f42f6bb0770010c91aaa074') in 0.147205 seconds 
========================================================================
Received Import Request.
  Time since last request: 0.000052 seconds.
  path: Assets/Tilemap/tiles_11.asset
  artifactKey: Guid(ea8cb0475b3786f4695333e4e0b41adc) Importer(815301076,1909f56bfc062723c751e8b465ee728b)
Start importing Assets/Tilemap/tiles_11.asset using Guid(ea8cb0475b3786f4695333e4e0b41adc) Importer(815301076,1909f56bfc062723c751e8b465ee728b)  -> (artifact id: '4e7d2838c5553d87c9009c5511edf3a4') in 0.053959 seconds 
========================================================================
Received Import Request.
  Time since last request: 0.000040 seconds.
  path: Assets/Tilemap/tiles_8.asset
  artifactKey: Guid(edb04940bcb2b1e4688ab8bd4b2c8e61) Importer(815301076,1909f56bfc062723c751e8b465ee728b)
Start importing Assets/Tilemap/tiles_8.asset using Guid(edb04940bcb2b1e4688ab8bd4b2c8e61) Importer(815301076,1909f56bfc062723c751e8b465ee728b)  -> (artifact id: 'b2c3657494eff99145e5eb7886fd66a7') in 0.042052 seconds 
========================================================================
Received Import Request.
  Time since last request: 0.000084 seconds.
  path: Assets/Tilemap/tiles_13.asset
  artifactKey: Guid(dc1fb429fe3a91f449053130299a2899) Importer(815301076,1909f56bfc062723c751e8b465ee728b)
Start importing Assets/Tilemap/tiles_13.asset using Guid(dc1fb429fe3a91f449053130299a2899) Importer(815301076,1909f56bfc062723c751e8b465ee728b)  -> (artifact id: 'ad0020d7e9bb8c711e163012e1c431ed') in 0.028692 seconds 
========================================================================
Received Prepare
Registering precompiled user dll's ...
Registered in 0.007809 seconds.
Begin MonoManager ReloadAssembly
Symbol file LoadedFromMemory doesn't match image D:\FU Learning\Summer2023\PRU221m\Project1\2DTowerDefense\Library\PackageCache\com.unity.visualscripting@1.7.8\Editor\VisualScripting.Core\Dependencies\YamlDotNet\Unity.VisualScripting.YamlDotNet.dll
Symbol file LoadedFromMemory doesn't match image D:\FU Learning\Summer2023\PRU221m\Project1\2DTowerDefense\Library\PackageCache\com.unity.visualscripting@1.7.8\Editor\VisualScripting.Core\Dependencies\DotNetZip\Unity.VisualScripting.IonicZip.dll
Native extension for WindowsStandalone target not found
Native extension for Android target not found
Native extension for WebGL target not found
Refreshing native plugins compatible for Editor in 2.42 ms, found 4 plugins.
Preloading 0 native plugins for Editor in 0.00 ms.
Mono: successfully reloaded assembly
- Completed reload, in  2.071 seconds
Domain Reload Profiling:
	ReloadAssembly (2072ms)
		BeginReloadAssembly (269ms)
			ExecutionOrderSort (0ms)
			DisableScriptedObjects (10ms)
			BackupInstance (0ms)
			ReleaseScriptingObjects (1ms)
			CreateAndSetChildDomain (105ms)
		EndReloadAssembly (1604ms)
			LoadAssemblies (184ms)
			RebuildTransferFunctionScriptingTraits (0ms)
			SetupTypeCache (526ms)
			ReleaseScriptCaches (4ms)
			RebuildScriptCaches (104ms)
			SetupLoadedEditorAssemblies (692ms)
				LogAssemblyErrors (0ms)
				InitializePlatformSupportModulesInManaged (42ms)
				SetLoadedEditorAssemblies (1ms)
				RefreshPlugins (3ms)
				BeforeProcessingInitializeOnLoad (141ms)
				ProcessInitializeOnLoadAttributes (421ms)
				ProcessInitializeOnLoadMethodAttributes (78ms)
				AfterProcessingInitializeOnLoad (6ms)
				EditorAssembliesLoaded (0ms)
			ExecutionOrderSort2 (0ms)
			AwakeInstancesAfterBackupRestoration (20ms)
Platform modules already initialized, skipping
Refreshing native plugins compatible for Editor in 3.18 ms, found 4 plugins.
Preloading 0 native plugins for Editor in 0.00 ms.
Unloading 4113 Unused Serialized files (Serialized files now loaded: 0)
Unloading 31 unused Assets / (189.8 KB). Loaded Objects now: 4607.
Memory consumption went from 157.7 MB to 157.5 MB.
Total: 6.776700 ms (FindLiveObjects: 0.442600 ms CreateObjectMapping: 0.860000 ms MarkObjects: 5.262000 ms  DeleteObjects: 0.210600 ms)

AssetImportParameters requested are different than current active one (requested -> active):
  custom:video-decoder-ogg-theora: a1e56fd34408186e4bbccfd4996cb3dc -> 
  custom:container-muxer-webm: aa71ff27fc2769a1b78a27578f13a17b -> 
  custom:container-demuxer-webm: 4f35f7cbe854078d1ac9338744f61a02 -> 
  custom:video-encoder-webm-vp8: eb34c28f22e8b96e1ab97ce403110664 -> 
  custom:audio-encoder-webm-vorbis: bf7c407c2cedff20999df2af8eb42d56 -> 
  custom:framework-win-MediaFoundation: 216162199b28c13a410421893ffa2e32 -> 
  custom:container-demuxer-ogg: 62fdf1f143b41e24485cea50d1cbac27 -> 
  custom:video-decoder-webm-vp8: 9c59270c3fd7afecdb556c50c9e8de78 -> 
  custom:audio-decoder-ogg-vorbis: bf7c407c2cedff20999df2af8eb42d56 -> 
========================================================================
Received Prepare
Registering precompiled user dll's ...
Registered in 0.006570 seconds.
Begin MonoManager ReloadAssembly
Symbol file LoadedFromMemory doesn't match image D:\FU Learning\Summer2023\PRU221m\Project1\2DTowerDefense\Library\PackageCache\com.unity.visualscripting@1.7.8\Editor\VisualScripting.Core\Dependencies\YamlDotNet\Unity.VisualScripting.YamlDotNet.dll
Symbol file LoadedFromMemory doesn't match image D:\FU Learning\Summer2023\PRU221m\Project1\2DTowerDefense\Library\PackageCache\com.unity.visualscripting@1.7.8\Editor\VisualScripting.Core\Dependencies\DotNetZip\Unity.VisualScripting.IonicZip.dll
Native extension for WindowsStandalone target not found
Native extension for Android target not found
Native extension for WebGL target not found
Refreshing native plugins compatible for Editor in 3.31 ms, found 4 plugins.
Preloading 0 native plugins for Editor in 0.00 ms.
Mono: successfully reloaded assembly
- Completed reload, in  1.829 seconds
Domain Reload Profiling:
	ReloadAssembly (1831ms)
		BeginReloadAssembly (206ms)
			ExecutionOrderSort (0ms)
			DisableScriptedObjects (10ms)
			BackupInstance (0ms)
			ReleaseScriptingObjects (0ms)
			CreateAndSetChildDomain (56ms)
		EndReloadAssembly (1477ms)
			LoadAssemblies (154ms)
			RebuildTransferFunctionScriptingTraits (0ms)
			SetupTypeCache (441ms)
			ReleaseScriptCaches (3ms)
			RebuildScriptCaches (90ms)
			SetupLoadedEditorAssemblies (685ms)
				LogAssemblyErrors (0ms)
				InitializePlatformSupportModulesInManaged (38ms)
				SetLoadedEditorAssemblies (1ms)
				RefreshPlugins (3ms)
				BeforeProcessingInitializeOnLoad (133ms)
				ProcessInitializeOnLoadAttributes (421ms)
				ProcessInitializeOnLoadMethodAttributes (82ms)
				AfterProcessingInitializeOnLoad (6ms)
				EditorAssembliesLoaded (0ms)
			ExecutionOrderSort2 (0ms)
			AwakeInstancesAfterBackupRestoration (18ms)
Platform modules already initialized, skipping
Refreshing native plugins compatible for Editor in 7.07 ms, found 4 plugins.
Preloading 0 native plugins for Editor in 0.00 ms.
Unloading 4113 Unused Serialized files (Serialized files now loaded: 0)
Unloading 31 unused Assets / (189.8 KB). Loaded Objects now: 4610.
Memory consumption went from 157.7 MB to 157.5 MB.
Total: 10.321000 ms (FindLiveObjects: 0.894300 ms CreateObjectMapping: 0.726000 ms MarkObjects: 8.317900 ms  DeleteObjects: 0.378000 ms)

AssetImportParameters requested are different than current active one (requested -> active):
  custom:video-decoder-ogg-theora: a1e56fd34408186e4bbccfd4996cb3dc -> 
  custom:container-muxer-webm: aa71ff27fc2769a1b78a27578f13a17b -> 
  custom:container-demuxer-webm: 4f35f7cbe854078d1ac9338744f61a02 -> 
  custom:video-encoder-webm-vp8: eb34c28f22e8b96e1ab97ce403110664 -> 
  custom:audio-encoder-webm-vorbis: bf7c407c2cedff20999df2af8eb42d56 -> 
  custom:framework-win-MediaFoundation: 216162199b28c13a410421893ffa2e32 -> 
  custom:container-demuxer-ogg: 62fdf1f143b41e24485cea50d1cbac27 -> 
  custom:video-decoder-webm-vp8: 9c59270c3fd7afecdb556c50c9e8de78 -> 
  custom:audio-decoder-ogg-vorbis: bf7c407c2cedff20999df2af8eb42d56 -> 
========================================================================
Received Prepare
Registering precompiled user dll's ...
Registered in 0.007107 seconds.
Begin MonoManager ReloadAssembly
Symbol file LoadedFromMemory doesn't match image D:\FU Learning\Summer2023\PRU221m\Project1\2DTowerDefense\Library\PackageCache\com.unity.visualscripting@1.7.8\Editor\VisualScripting.Core\Dependencies\YamlDotNet\Unity.VisualScripting.YamlDotNet.dll
Symbol file LoadedFromMemory doesn't match image D:\FU Learning\Summer2023\PRU221m\Project1\2DTowerDefense\Library\PackageCache\com.unity.visualscripting@1.7.8\Editor\VisualScripting.Core\Dependencies\DotNetZip\Unity.VisualScripting.IonicZip.dll
Native extension for WindowsStandalone target not found
Native extension for Android target not found
Native extension for WebGL target not found
Refreshing native plugins compatible for Editor in 1.63 ms, found 4 plugins.
Preloading 0 native plugins for Editor in 0.00 ms.
Mono: successfully reloaded assembly
- Completed reload, in  1.878 seconds
Domain Reload Profiling:
	ReloadAssembly (1879ms)
		BeginReloadAssembly (169ms)
			ExecutionOrderSort (0ms)
			DisableScriptedObjects (12ms)
			BackupInstance (0ms)
			ReleaseScriptingObjects (0ms)
			CreateAndSetChildDomain (50ms)
		EndReloadAssembly (1559ms)
			LoadAssemblies (148ms)
			RebuildTransferFunctionScriptingTraits (0ms)
			SetupTypeCache (499ms)
			ReleaseScriptCaches (3ms)
			RebuildScriptCaches (95ms)
			SetupLoadedEditorAssemblies (684ms)
				LogAssemblyErrors (0ms)
				InitializePlatformSupportModulesInManaged (43ms)
				SetLoadedEditorAssemblies (1ms)
				RefreshPlugins (2ms)
				BeforeProcessingInitializeOnLoad (139ms)
				ProcessInitializeOnLoadAttributes (413ms)
				ProcessInitializeOnLoadMethodAttributes (80ms)
				AfterProcessingInitializeOnLoad (6ms)
				EditorAssembliesLoaded (0ms)
			ExecutionOrderSort2 (0ms)
			AwakeInstancesAfterBackupRestoration (20ms)
Platform modules already initialized, skipping
Refreshing native plugins compatible for Editor in 5.78 ms, found 4 plugins.
Preloading 0 native plugins for Editor in 0.00 ms.
Unloading 4113 Unused Serialized files (Serialized files now loaded: 0)
Unloading 31 unused Assets / (189.8 KB). Loaded Objects now: 4613.
Memory consumption went from 157.7 MB to 157.5 MB.
Total: 5.803900 ms (FindLiveObjects: 0.443700 ms CreateObjectMapping: 0.318500 ms MarkObjects: 4.693800 ms  DeleteObjects: 0.346400 ms)

AssetImportParameters requested are different than current active one (requested -> active):
  custom:video-decoder-ogg-theora: a1e56fd34408186e4bbccfd4996cb3dc -> 
  custom:container-muxer-webm: aa71ff27fc2769a1b78a27578f13a17b -> 
  custom:container-demuxer-webm: 4f35f7cbe854078d1ac9338744f61a02 -> 
  custom:video-encoder-webm-vp8: eb34c28f22e8b96e1ab97ce403110664 -> 
  custom:audio-encoder-webm-vorbis: bf7c407c2cedff20999df2af8eb42d56 -> 
  custom:framework-win-MediaFoundation: 216162199b28c13a410421893ffa2e32 -> 
  custom:container-demuxer-ogg: 62fdf1f143b41e24485cea50d1cbac27 -> 
  custom:video-decoder-webm-vp8: 9c59270c3fd7afecdb556c50c9e8de78 -> 
  custom:audio-decoder-ogg-vorbis: bf7c407c2cedff20999df2af8eb42d56 -> 
========================================================================
Received Import Request.
  Time since last request: 891.385506 seconds.
  path: Assets/Prefabs/Enemy/Ga.prefab
  artifactKey: Guid(7dcacbadf339164409af0dda103c3ddd) Importer(815301076,1909f56bfc062723c751e8b465ee728b)
Start importing Assets/Prefabs/Enemy/Ga.prefab using Guid(7dcacbadf339164409af0dda103c3ddd) Importer(815301076,1909f56bfc062723c751e8b465ee728b)  -> (artifact id: 'bd28e9ae31787f4ff1e1e27129e2b653') in 1.818557 seconds 
========================================================================
Received Import Request.
  Time since last request: 0.061734 seconds.
  path: Assets/Prefabs/Enemy/TacKe.prefab
  artifactKey: Guid(85eb942ae8b179e47897193cd58cd3fd) Importer(815301076,1909f56bfc062723c751e8b465ee728b)
Start importing Assets/Prefabs/Enemy/TacKe.prefab using Guid(85eb942ae8b179e47897193cd58cd3fd) Importer(815301076,1909f56bfc062723c751e8b465ee728b)  -> (artifact id: 'e5255c2c07d7170b72f06c18b61d44d2') in 0.131482 seconds 
========================================================================
Received Import Request.
  Time since last request: 0.022658 seconds.
  path: Assets/Prefabs/Enemy/Slime.prefab
  artifactKey: Guid(3dcce90c2158d0940b11238c3575815c) Importer(815301076,1909f56bfc062723c751e8b465ee728b)
Start importing Assets/Prefabs/Enemy/Slime.prefab using Guid(3dcce90c2158d0940b11238c3575815c) Importer(815301076,1909f56bfc062723c751e8b465ee728b)  -> (artifact id: '8ea2a7c3efc5debacb80d7db12e1f96c') in 0.099166 seconds 
========================================================================
Received Prepare
Registering precompiled user dll's ...
Registered in 0.008903 seconds.
Begin MonoManager ReloadAssembly
Symbol file LoadedFromMemory doesn't match image D:\FU Learning\Summer2023\PRU221m\Project1\2DTowerDefense\Library\PackageCache\com.unity.visualscripting@1.7.8\Editor\VisualScripting.Core\Dependencies\YamlDotNet\Unity.VisualScripting.YamlDotNet.dll
Symbol file LoadedFromMemory doesn't match image D:\FU Learning\Summer2023\PRU221m\Project1\2DTowerDefense\Library\PackageCache\com.unity.visualscripting@1.7.8\Editor\VisualScripting.Core\Dependencies\DotNetZip\Unity.VisualScripting.IonicZip.dll
Native extension for WindowsStandalone target not found
Native extension for Android target not found
Native extension for WebGL target not found
Refreshing native plugins compatible for Editor in 1.01 ms, found 4 plugins.
Preloading 0 native plugins for Editor in 0.00 ms.
Mono: successfully reloaded assembly
- Completed reload, in  1.334 seconds
Domain Reload Profiling:
	ReloadAssembly (1335ms)
		BeginReloadAssembly (171ms)
			ExecutionOrderSort (0ms)
			DisableScriptedObjects (9ms)
			BackupInstance (0ms)
			ReleaseScriptingObjects (0ms)
			CreateAndSetChildDomain (52ms)
		EndReloadAssembly (1034ms)
			LoadAssemblies (122ms)
			RebuildTransferFunctionScriptingTraits (0ms)
			SetupTypeCache (353ms)
			ReleaseScriptCaches (2ms)
			RebuildScriptCaches (59ms)
			SetupLoadedEditorAssemblies (444ms)
				LogAssemblyErrors (0ms)
				InitializePlatformSupportModulesInManaged (27ms)
				SetLoadedEditorAssemblies (1ms)
				RefreshPlugins (1ms)
				BeforeProcessingInitializeOnLoad (99ms)
				ProcessInitializeOnLoadAttributes (262ms)
				ProcessInitializeOnLoadMethodAttributes (50ms)
				AfterProcessingInitializeOnLoad (4ms)
				EditorAssembliesLoaded (0ms)
			ExecutionOrderSort2 (0ms)
			AwakeInstancesAfterBackupRestoration (12ms)
Platform modules already initialized, skipping
Refreshing native plugins compatible for Editor in 2.58 ms, found 4 plugins.
Preloading 0 native plugins for Editor in 0.00 ms.
Unloading 4113 Unused Serialized files (Serialized files now loaded: 0)
Unloading 31 unused Assets / (189.9 KB). Loaded Objects now: 4616.
Memory consumption went from 157.7 MB to 157.6 MB.
Total: 5.094900 ms (FindLiveObjects: 0.370300 ms CreateObjectMapping: 0.257400 ms MarkObjects: 4.296500 ms  DeleteObjects: 0.168800 ms)

AssetImportParameters requested are different than current active one (requested -> active):
  custom:video-decoder-ogg-theora: a1e56fd34408186e4bbccfd4996cb3dc -> 
  custom:container-muxer-webm: aa71ff27fc2769a1b78a27578f13a17b -> 
  custom:container-demuxer-webm: 4f35f7cbe854078d1ac9338744f61a02 -> 
  custom:video-encoder-webm-vp8: eb34c28f22e8b96e1ab97ce403110664 -> 
  custom:audio-encoder-webm-vorbis: bf7c407c2cedff20999df2af8eb42d56 -> 
  custom:framework-win-MediaFoundation: 216162199b28c13a410421893ffa2e32 -> 
  custom:container-demuxer-ogg: 62fdf1f143b41e24485cea50d1cbac27 -> 
  custom:video-decoder-webm-vp8: 9c59270c3fd7afecdb556c50c9e8de78 -> 
  custom:audio-decoder-ogg-vorbis: bf7c407c2cedff20999df2af8eb42d56 -> 
